<html>
<head>
<title>TestNG:  Default test</title>
<link href="../testng.css" rel="stylesheet" type="text/css" />
<link href="../my-testng.css" rel="stylesheet" type="text/css" />

<style type="text/css">
.log { display: none;} 
.stack-trace { display: none;} 
</style>
<script type="text/javascript">
<!--
function flip(e) {
  current = e.style.display;
  if (current == 'block') {
    e.style.display = 'none';
    return 0;
  }
  else {
    e.style.display = 'block';
    return 1;
  }
}

function toggleBox(szDivId, elem, msg1, msg2)
{
  var res = -1;  if (document.getElementById) {
    res = flip(document.getElementById(szDivId));
  }
  else if (document.all) {
    // this is the way old msie versions work
    res = flip(document.all[szDivId]);
  }
  if(elem) {
    if(res == 0) elem.innerHTML = msg1; else elem.innerHTML = msg2;
  }

}

function toggleAllBoxes() {
  if (document.getElementsByTagName) {
    d = document.getElementsByTagName('div');
    for (i = 0; i < d.length; i++) {
      if (d[i].className == 'log') {
        flip(d[i]);
      }
    }
  }
}

// -->
</script>

</head>
<body>
<h2 align='center'>Default test</h2><table border='1' align="center">
<tr>
<td>Tests passed/Failed/Skipped:</td><td>48/8/0</td>
</tr><tr>
<td>Started on:</td><td>Sat Apr 06 16:53:04 CST 2019</td>
</tr>
<tr><td>Total time:</td><td>10 seconds (10139 ms)</td>
</tr><tr>
<td>Included groups:</td><td></td>
</tr><tr>
<td>Excluded groups:</td><td></td>
</tr>
</table><p/>
<small><i>(Hover the method name to see the test class name)</i></small><p/>
<table width='100%' border='1' class='invocation-failed'>
<tr><td colspan='4' align='center'><b>FAILED TESTS</b></td></tr>
<tr><td><b>Test method</b></td>
<td width="30%"><b>Exception</b></td>
<td width="10%"><b>Time (seconds)</b></td>
<td><b>Instance</b></td>
</tr>
<tr>
<td title='my.company.TestLogin.f()'><b>f</b><br>Test class: my.company.TestLogin<br>Parameters: , , 用户名存在特殊符号：&, PostRequest, http://47.100.184.129:8888/Login/LoginPage, username=test1&&password=123456, , assertEqual, $.status, 4003, , , 14</td>
<td><div><pre>java.lang.AssertionError: expected [4003] but found [200]
	at org.testng.Assert.fail(Assert.java:96)
	at org.testng.Assert.failNotEquals(Assert.java:776)
	at org.testng.Assert.assertEqualsImpl(Assert.java:137)
	at org.testng.Assert.assertEquals(Assert.java:118)
	at org.testng.Assert.assertEquals(Assert.java:453)
	at org.testng.Assert.assertEquals(Assert.java:463)
	at my.company.TestLogin.f(TestLogin.java:27)
	at sun.reflect.NativeMethodAccessorImpl.invoke0(Native Method)
	at sun.reflect.NativeMethodAccessorImpl.invoke(NativeMethodAccessorImpl.java:62)
	at sun.reflect.DelegatingMethodAccessorImpl.invoke(DelegatingMethodAccessorImpl.java:43)
	at java.lang.reflect.Method.invoke(Method.java:483)
	at org.testng.internal.MethodInvocationHelper.invokeMethod(MethodInvocationHelper.java:124)
	at org.testng.internal.Invoker.invokeMethod(Invoker.java:583)
	at org.testng.internal.Invoker.invokeTestMethod(Invoker.java:719)
	at org.testng.internal.Invoker.invokeTestMethods(Invoker.java:989)
	at org.testng.internal.TestMethodWorker.invokeTestMethods(TestMethodWorker.java:125)
	at org.testng.internal.TestMethodWorker.run(TestMethodWorker.java:109)
	at org.testng.TestRunner.privateRun(TestRunner.java:648)
	at org.testng.TestRunner.run(TestRunner.java:505)
	at org.testng.SuiteRunner.runTest(SuiteRunner.java:455)
	at org.testng.SuiteRunner.runSequentially(SuiteRunner.java:450)
	at org.testng.SuiteRunner.privateRun(SuiteRunner.java:415)
	at org.testng.SuiteRunner.run(SuiteRunner.java:364)
	at org.testng.SuiteRunnerWorker.runSuite(SuiteRunnerWorker.java:52)
	at org.testng.SuiteRunnerWorker.run(SuiteRunnerWorker.java:84)
	at org.testng.TestNG.runSuitesSequentially(TestNG.java:1208)
	at org.testng.TestNG.runSuitesLocally(TestNG.java:1137)
	at org.testng.TestNG.runSuites(TestNG.java:1049)
	at org.testng.TestNG.run(TestNG.java:1017)
	at org.testng.remote.AbstractRemoteTestNG.run(AbstractRemoteTestNG.java:115)
	at org.testng.remote.RemoteTestNG.initAndRun(RemoteTestNG.java:251)
	at org.testng.remote.RemoteTestNG.main(RemoteTestNG.java:77)
</pre></div><a href='#' onClick='toggleBox("stack-trace1368391951", this, "Click to show all stack frames", "Click to hide stack frames")'>Click to show all stack frames</a>
<div class='stack-trace' id='stack-trace1368391951'><pre>java.lang.AssertionError: expected [4003] but found [200]
	at org.testng.Assert.fail(Assert.java:96)
	at org.testng.Assert.failNotEquals(Assert.java:776)
	at org.testng.Assert.assertEqualsImpl(Assert.java:137)
	at org.testng.Assert.assertEquals(Assert.java:118)
	at org.testng.Assert.assertEquals(Assert.java:453)
	at org.testng.Assert.assertEquals(Assert.java:463)
	at my.company.TestLogin.f(TestLogin.java:27)
	at sun.reflect.NativeMethodAccessorImpl.invoke0(Native Method)
	at sun.reflect.NativeMethodAccessorImpl.invoke(NativeMethodAccessorImpl.java:62)
	at sun.reflect.DelegatingMethodAccessorImpl.invoke(DelegatingMethodAccessorImpl.java:43)
	at java.lang.reflect.Method.invoke(Method.java:483)
	at org.testng.internal.MethodInvocationHelper.invokeMethod(MethodInvocationHelper.java:124)
	at org.testng.internal.Invoker.invokeMethod(Invoker.java:583)
	at org.testng.internal.Invoker.invokeTestMethod(Invoker.java:719)
	at org.testng.internal.Invoker.invokeTestMethods(Invoker.java:989)
	at org.testng.internal.TestMethodWorker.invokeTestMethods(TestMethodWorker.java:125)
	at org.testng.internal.TestMethodWorker.run(TestMethodWorker.java:109)
	at org.testng.TestRunner.privateRun(TestRunner.java:648)
	at org.testng.TestRunner.run(TestRunner.java:505)
	at org.testng.SuiteRunner.runTest(SuiteRunner.java:455)
	at org.testng.SuiteRunner.runSequentially(SuiteRunner.java:450)
	at org.testng.SuiteRunner.privateRun(SuiteRunner.java:415)
	at org.testng.SuiteRunner.run(SuiteRunner.java:364)
	at org.testng.SuiteRunnerWorker.runSuite(SuiteRunnerWorker.java:52)
	at org.testng.SuiteRunnerWorker.run(SuiteRunnerWorker.java:84)
	at org.testng.TestNG.runSuitesSequentially(TestNG.java:1208)
	at org.testng.TestNG.runSuitesLocally(TestNG.java:1137)
	at org.testng.TestNG.runSuites(TestNG.java:1049)
	at org.testng.TestNG.run(TestNG.java:1017)
	at org.testng.remote.AbstractRemoteTestNG.run(AbstractRemoteTestNG.java:115)
	at org.testng.remote.RemoteTestNG.initAndRun(RemoteTestNG.java:251)
	at org.testng.remote.RemoteTestNG.main(RemoteTestNG.java:77)
</pre></div></td>
<td>0</td>
<td>my.company.TestLogin@4e76dac</td></tr>
<tr>
<td title='my.company.TestLogin.f()'><b>f</b><br>Test class: my.company.TestLogin<br>Parameters: , , 密码存在特殊符号：&, PostRequest, http://47.100.184.129:8888/Login/LoginPage, username=test1&password=123456&, , assertEqual, $.status, 4003, , , 23</td>
<td><div><pre>java.lang.AssertionError: expected [4003] but found [200]
	at org.testng.Assert.fail(Assert.java:96)
	at org.testng.Assert.failNotEquals(Assert.java:776)
	at org.testng.Assert.assertEqualsImpl(Assert.java:137)
	at org.testng.Assert.assertEquals(Assert.java:118)
	at org.testng.Assert.assertEquals(Assert.java:453)
	at org.testng.Assert.assertEquals(Assert.java:463)
	at my.company.TestLogin.f(TestLogin.java:27)
	at sun.reflect.GeneratedMethodAccessor5.invoke(Unknown Source)
	at sun.reflect.DelegatingMethodAccessorImpl.invoke(DelegatingMethodAccessorImpl.java:43)
	at java.lang.reflect.Method.invoke(Method.java:483)
	at org.testng.internal.MethodInvocationHelper.invokeMethod(MethodInvocationHelper.java:124)
	at org.testng.internal.Invoker.invokeMethod(Invoker.java:583)
	at org.testng.internal.Invoker.invokeTestMethod(Invoker.java:719)
	at org.testng.internal.Invoker.invokeTestMethods(Invoker.java:989)
	at org.testng.internal.TestMethodWorker.invokeTestMethods(TestMethodWorker.java:125)
	at org.testng.internal.TestMethodWorker.run(TestMethodWorker.java:109)
	at org.testng.TestRunner.privateRun(TestRunner.java:648)
	at org.testng.TestRunner.run(TestRunner.java:505)
	at org.testng.SuiteRunner.runTest(SuiteRunner.java:455)
	at org.testng.SuiteRunner.runSequentially(SuiteRunner.java:450)
	at org.testng.SuiteRunner.privateRun(SuiteRunner.java:415)
	at org.testng.SuiteRunner.run(SuiteRunner.java:364)
	at org.testng.SuiteRunnerWorker.runSuite(SuiteRunnerWorker.java:52)
	at org.testng.SuiteRunnerWorker.run(SuiteRunnerWorker.java:84)
	at org.testng.TestNG.runSuitesSequentially(TestNG.java:1208)
	at org.testng.TestNG.runSuitesLocally(TestNG.java:1137)
	at org.testng.TestNG.runSuites(TestNG.java:1049)
	at org.testng.TestNG.run(TestNG.java:1017)
	at org.testng.remote.AbstractRemoteTestNG.run(AbstractRemoteTestNG.java:115)
	at org.testng.remote.RemoteTestNG.initAndRun(RemoteTestNG.java:251)
	at org.testng.remote.RemoteTestNG.main(RemoteTestNG.java:77)
</pre></div><a href='#' onClick='toggleBox("stack-trace299031853", this, "Click to show all stack frames", "Click to hide stack frames")'>Click to show all stack frames</a>
<div class='stack-trace' id='stack-trace299031853'><pre>java.lang.AssertionError: expected [4003] but found [200]
	at org.testng.Assert.fail(Assert.java:96)
	at org.testng.Assert.failNotEquals(Assert.java:776)
	at org.testng.Assert.assertEqualsImpl(Assert.java:137)
	at org.testng.Assert.assertEquals(Assert.java:118)
	at org.testng.Assert.assertEquals(Assert.java:453)
	at org.testng.Assert.assertEquals(Assert.java:463)
	at my.company.TestLogin.f(TestLogin.java:27)
	at sun.reflect.GeneratedMethodAccessor5.invoke(Unknown Source)
	at sun.reflect.DelegatingMethodAccessorImpl.invoke(DelegatingMethodAccessorImpl.java:43)
	at java.lang.reflect.Method.invoke(Method.java:483)
	at org.testng.internal.MethodInvocationHelper.invokeMethod(MethodInvocationHelper.java:124)
	at org.testng.internal.Invoker.invokeMethod(Invoker.java:583)
	at org.testng.internal.Invoker.invokeTestMethod(Invoker.java:719)
	at org.testng.internal.Invoker.invokeTestMethods(Invoker.java:989)
	at org.testng.internal.TestMethodWorker.invokeTestMethods(TestMethodWorker.java:125)
	at org.testng.internal.TestMethodWorker.run(TestMethodWorker.java:109)
	at org.testng.TestRunner.privateRun(TestRunner.java:648)
	at org.testng.TestRunner.run(TestRunner.java:505)
	at org.testng.SuiteRunner.runTest(SuiteRunner.java:455)
	at org.testng.SuiteRunner.runSequentially(SuiteRunner.java:450)
	at org.testng.SuiteRunner.privateRun(SuiteRunner.java:415)
	at org.testng.SuiteRunner.run(SuiteRunner.java:364)
	at org.testng.SuiteRunnerWorker.runSuite(SuiteRunnerWorker.java:52)
	at org.testng.SuiteRunnerWorker.run(SuiteRunnerWorker.java:84)
	at org.testng.TestNG.runSuitesSequentially(TestNG.java:1208)
	at org.testng.TestNG.runSuitesLocally(TestNG.java:1137)
	at org.testng.TestNG.runSuites(TestNG.java:1049)
	at org.testng.TestNG.run(TestNG.java:1017)
	at org.testng.remote.AbstractRemoteTestNG.run(AbstractRemoteTestNG.java:115)
	at org.testng.remote.RemoteTestNG.initAndRun(RemoteTestNG.java:251)
	at org.testng.remote.RemoteTestNG.main(RemoteTestNG.java:77)
</pre></div></td>
<td>0</td>
<td>my.company.TestLogin@4e76dac</td></tr>
<tr>
<td title='my.company.TestLogin.f()'><b>f</b><br>Test class: my.company.TestLogin<br>Parameters: , , 密码为纯数字, PostRequest, http://47.100.184.129:8888/Login/LoginPage, username=test1&password=123456, , assertEqual, $.status, 4002, , , 25</td>
<td><div><pre>java.lang.AssertionError: expected [4002] but found [200]
	at org.testng.Assert.fail(Assert.java:96)
	at org.testng.Assert.failNotEquals(Assert.java:776)
	at org.testng.Assert.assertEqualsImpl(Assert.java:137)
	at org.testng.Assert.assertEquals(Assert.java:118)
	at org.testng.Assert.assertEquals(Assert.java:453)
	at org.testng.Assert.assertEquals(Assert.java:463)
	at my.company.TestLogin.f(TestLogin.java:27)
	at sun.reflect.GeneratedMethodAccessor5.invoke(Unknown Source)
	at sun.reflect.DelegatingMethodAccessorImpl.invoke(DelegatingMethodAccessorImpl.java:43)
	at java.lang.reflect.Method.invoke(Method.java:483)
	at org.testng.internal.MethodInvocationHelper.invokeMethod(MethodInvocationHelper.java:124)
	at org.testng.internal.Invoker.invokeMethod(Invoker.java:583)
	at org.testng.internal.Invoker.invokeTestMethod(Invoker.java:719)
	at org.testng.internal.Invoker.invokeTestMethods(Invoker.java:989)
	at org.testng.internal.TestMethodWorker.invokeTestMethods(TestMethodWorker.java:125)
	at org.testng.internal.TestMethodWorker.run(TestMethodWorker.java:109)
	at org.testng.TestRunner.privateRun(TestRunner.java:648)
	at org.testng.TestRunner.run(TestRunner.java:505)
	at org.testng.SuiteRunner.runTest(SuiteRunner.java:455)
	at org.testng.SuiteRunner.runSequentially(SuiteRunner.java:450)
	at org.testng.SuiteRunner.privateRun(SuiteRunner.java:415)
	at org.testng.SuiteRunner.run(SuiteRunner.java:364)
	at org.testng.SuiteRunnerWorker.runSuite(SuiteRunnerWorker.java:52)
	at org.testng.SuiteRunnerWorker.run(SuiteRunnerWorker.java:84)
	at org.testng.TestNG.runSuitesSequentially(TestNG.java:1208)
	at org.testng.TestNG.runSuitesLocally(TestNG.java:1137)
	at org.testng.TestNG.runSuites(TestNG.java:1049)
	at org.testng.TestNG.run(TestNG.java:1017)
	at org.testng.remote.AbstractRemoteTestNG.run(AbstractRemoteTestNG.java:115)
	at org.testng.remote.RemoteTestNG.initAndRun(RemoteTestNG.java:251)
	at org.testng.remote.RemoteTestNG.main(RemoteTestNG.java:77)
</pre></div><a href='#' onClick='toggleBox("stack-trace424188711", this, "Click to show all stack frames", "Click to hide stack frames")'>Click to show all stack frames</a>
<div class='stack-trace' id='stack-trace424188711'><pre>java.lang.AssertionError: expected [4002] but found [200]
	at org.testng.Assert.fail(Assert.java:96)
	at org.testng.Assert.failNotEquals(Assert.java:776)
	at org.testng.Assert.assertEqualsImpl(Assert.java:137)
	at org.testng.Assert.assertEquals(Assert.java:118)
	at org.testng.Assert.assertEquals(Assert.java:453)
	at org.testng.Assert.assertEquals(Assert.java:463)
	at my.company.TestLogin.f(TestLogin.java:27)
	at sun.reflect.GeneratedMethodAccessor5.invoke(Unknown Source)
	at sun.reflect.DelegatingMethodAccessorImpl.invoke(DelegatingMethodAccessorImpl.java:43)
	at java.lang.reflect.Method.invoke(Method.java:483)
	at org.testng.internal.MethodInvocationHelper.invokeMethod(MethodInvocationHelper.java:124)
	at org.testng.internal.Invoker.invokeMethod(Invoker.java:583)
	at org.testng.internal.Invoker.invokeTestMethod(Invoker.java:719)
	at org.testng.internal.Invoker.invokeTestMethods(Invoker.java:989)
	at org.testng.internal.TestMethodWorker.invokeTestMethods(TestMethodWorker.java:125)
	at org.testng.internal.TestMethodWorker.run(TestMethodWorker.java:109)
	at org.testng.TestRunner.privateRun(TestRunner.java:648)
	at org.testng.TestRunner.run(TestRunner.java:505)
	at org.testng.SuiteRunner.runTest(SuiteRunner.java:455)
	at org.testng.SuiteRunner.runSequentially(SuiteRunner.java:450)
	at org.testng.SuiteRunner.privateRun(SuiteRunner.java:415)
	at org.testng.SuiteRunner.run(SuiteRunner.java:364)
	at org.testng.SuiteRunnerWorker.runSuite(SuiteRunnerWorker.java:52)
	at org.testng.SuiteRunnerWorker.run(SuiteRunnerWorker.java:84)
	at org.testng.TestNG.runSuitesSequentially(TestNG.java:1208)
	at org.testng.TestNG.runSuitesLocally(TestNG.java:1137)
	at org.testng.TestNG.runSuites(TestNG.java:1049)
	at org.testng.TestNG.run(TestNG.java:1017)
	at org.testng.remote.AbstractRemoteTestNG.run(AbstractRemoteTestNG.java:115)
	at org.testng.remote.RemoteTestNG.initAndRun(RemoteTestNG.java:251)
	at org.testng.remote.RemoteTestNG.main(RemoteTestNG.java:77)
</pre></div></td>
<td>0</td>
<td>my.company.TestLogin@4e76dac</td></tr>
<tr>
<td title='my.company.TestLogin.f()'><b>f</b><br>Test class: my.company.TestLogin<br>Parameters: , , 密码为空格, PostRequest, http://47.100.184.129:8888/Login/LoginPage, username=test1&password=+, , assertEqual, $.status, 4003, , , 40</td>
<td><div><pre>java.lang.AssertionError: expected [4003] but found [4000]
	at org.testng.Assert.fail(Assert.java:96)
	at org.testng.Assert.failNotEquals(Assert.java:776)
	at org.testng.Assert.assertEqualsImpl(Assert.java:137)
	at org.testng.Assert.assertEquals(Assert.java:118)
	at org.testng.Assert.assertEquals(Assert.java:453)
	at org.testng.Assert.assertEquals(Assert.java:463)
	at my.company.TestLogin.f(TestLogin.java:27)
	at sun.reflect.GeneratedMethodAccessor5.invoke(Unknown Source)
	at sun.reflect.DelegatingMethodAccessorImpl.invoke(DelegatingMethodAccessorImpl.java:43)
	at java.lang.reflect.Method.invoke(Method.java:483)
	at org.testng.internal.MethodInvocationHelper.invokeMethod(MethodInvocationHelper.java:124)
	at org.testng.internal.Invoker.invokeMethod(Invoker.java:583)
	at org.testng.internal.Invoker.invokeTestMethod(Invoker.java:719)
	at org.testng.internal.Invoker.invokeTestMethods(Invoker.java:989)
	at org.testng.internal.TestMethodWorker.invokeTestMethods(TestMethodWorker.java:125)
	at org.testng.internal.TestMethodWorker.run(TestMethodWorker.java:109)
	at org.testng.TestRunner.privateRun(TestRunner.java:648)
	at org.testng.TestRunner.run(TestRunner.java:505)
	at org.testng.SuiteRunner.runTest(SuiteRunner.java:455)
	at org.testng.SuiteRunner.runSequentially(SuiteRunner.java:450)
	at org.testng.SuiteRunner.privateRun(SuiteRunner.java:415)
	at org.testng.SuiteRunner.run(SuiteRunner.java:364)
	at org.testng.SuiteRunnerWorker.runSuite(SuiteRunnerWorker.java:52)
	at org.testng.SuiteRunnerWorker.run(SuiteRunnerWorker.java:84)
	at org.testng.TestNG.runSuitesSequentially(TestNG.java:1208)
	at org.testng.TestNG.runSuitesLocally(TestNG.java:1137)
	at org.testng.TestNG.runSuites(TestNG.java:1049)
	at org.testng.TestNG.run(TestNG.java:1017)
	at org.testng.remote.AbstractRemoteTestNG.run(AbstractRemoteTestNG.java:115)
	at org.testng.remote.RemoteTestNG.initAndRun(RemoteTestNG.java:251)
	at org.testng.remote.RemoteTestNG.main(RemoteTestNG.java:77)
</pre></div><a href='#' onClick='toggleBox("stack-trace1792110618", this, "Click to show all stack frames", "Click to hide stack frames")'>Click to show all stack frames</a>
<div class='stack-trace' id='stack-trace1792110618'><pre>java.lang.AssertionError: expected [4003] but found [4000]
	at org.testng.Assert.fail(Assert.java:96)
	at org.testng.Assert.failNotEquals(Assert.java:776)
	at org.testng.Assert.assertEqualsImpl(Assert.java:137)
	at org.testng.Assert.assertEquals(Assert.java:118)
	at org.testng.Assert.assertEquals(Assert.java:453)
	at org.testng.Assert.assertEquals(Assert.java:463)
	at my.company.TestLogin.f(TestLogin.java:27)
	at sun.reflect.GeneratedMethodAccessor5.invoke(Unknown Source)
	at sun.reflect.DelegatingMethodAccessorImpl.invoke(DelegatingMethodAccessorImpl.java:43)
	at java.lang.reflect.Method.invoke(Method.java:483)
	at org.testng.internal.MethodInvocationHelper.invokeMethod(MethodInvocationHelper.java:124)
	at org.testng.internal.Invoker.invokeMethod(Invoker.java:583)
	at org.testng.internal.Invoker.invokeTestMethod(Invoker.java:719)
	at org.testng.internal.Invoker.invokeTestMethods(Invoker.java:989)
	at org.testng.internal.TestMethodWorker.invokeTestMethods(TestMethodWorker.java:125)
	at org.testng.internal.TestMethodWorker.run(TestMethodWorker.java:109)
	at org.testng.TestRunner.privateRun(TestRunner.java:648)
	at org.testng.TestRunner.run(TestRunner.java:505)
	at org.testng.SuiteRunner.runTest(SuiteRunner.java:455)
	at org.testng.SuiteRunner.runSequentially(SuiteRunner.java:450)
	at org.testng.SuiteRunner.privateRun(SuiteRunner.java:415)
	at org.testng.SuiteRunner.run(SuiteRunner.java:364)
	at org.testng.SuiteRunnerWorker.runSuite(SuiteRunnerWorker.java:52)
	at org.testng.SuiteRunnerWorker.run(SuiteRunnerWorker.java:84)
	at org.testng.TestNG.runSuitesSequentially(TestNG.java:1208)
	at org.testng.TestNG.runSuitesLocally(TestNG.java:1137)
	at org.testng.TestNG.runSuites(TestNG.java:1049)
	at org.testng.TestNG.run(TestNG.java:1017)
	at org.testng.remote.AbstractRemoteTestNG.run(AbstractRemoteTestNG.java:115)
	at org.testng.remote.RemoteTestNG.initAndRun(RemoteTestNG.java:251)
	at org.testng.remote.RemoteTestNG.main(RemoteTestNG.java:77)
</pre></div></td>
<td>0</td>
<td>my.company.TestLogin@4e76dac</td></tr>
<tr>
<td title='my.company.TestLogin.f()'><b>f</b><br>Test class: my.company.TestLogin<br>Parameters: , , 用户名大写字母变小写, PostRequest, http://47.100.184.129:8888/Login/LoginPage, username=master&password=MASTER, , assertEqual, $.status, 4002, , , 46</td>
<td><div><pre>java.lang.AssertionError: expected [4002] but found [200]
	at org.testng.Assert.fail(Assert.java:96)
	at org.testng.Assert.failNotEquals(Assert.java:776)
	at org.testng.Assert.assertEqualsImpl(Assert.java:137)
	at org.testng.Assert.assertEquals(Assert.java:118)
	at org.testng.Assert.assertEquals(Assert.java:453)
	at org.testng.Assert.assertEquals(Assert.java:463)
	at my.company.TestLogin.f(TestLogin.java:27)
	at sun.reflect.GeneratedMethodAccessor5.invoke(Unknown Source)
	at sun.reflect.DelegatingMethodAccessorImpl.invoke(DelegatingMethodAccessorImpl.java:43)
	at java.lang.reflect.Method.invoke(Method.java:483)
	at org.testng.internal.MethodInvocationHelper.invokeMethod(MethodInvocationHelper.java:124)
	at org.testng.internal.Invoker.invokeMethod(Invoker.java:583)
	at org.testng.internal.Invoker.invokeTestMethod(Invoker.java:719)
	at org.testng.internal.Invoker.invokeTestMethods(Invoker.java:989)
	at org.testng.internal.TestMethodWorker.invokeTestMethods(TestMethodWorker.java:125)
	at org.testng.internal.TestMethodWorker.run(TestMethodWorker.java:109)
	at org.testng.TestRunner.privateRun(TestRunner.java:648)
	at org.testng.TestRunner.run(TestRunner.java:505)
	at org.testng.SuiteRunner.runTest(SuiteRunner.java:455)
	at org.testng.SuiteRunner.runSequentially(SuiteRunner.java:450)
	at org.testng.SuiteRunner.privateRun(SuiteRunner.java:415)
	at org.testng.SuiteRunner.run(SuiteRunner.java:364)
	at org.testng.SuiteRunnerWorker.runSuite(SuiteRunnerWorker.java:52)
	at org.testng.SuiteRunnerWorker.run(SuiteRunnerWorker.java:84)
	at org.testng.TestNG.runSuitesSequentially(TestNG.java:1208)
	at org.testng.TestNG.runSuitesLocally(TestNG.java:1137)
	at org.testng.TestNG.runSuites(TestNG.java:1049)
	at org.testng.TestNG.run(TestNG.java:1017)
	at org.testng.remote.AbstractRemoteTestNG.run(AbstractRemoteTestNG.java:115)
	at org.testng.remote.RemoteTestNG.initAndRun(RemoteTestNG.java:251)
	at org.testng.remote.RemoteTestNG.main(RemoteTestNG.java:77)
</pre></div><a href='#' onClick='toggleBox("stack-trace1029790510", this, "Click to show all stack frames", "Click to hide stack frames")'>Click to show all stack frames</a>
<div class='stack-trace' id='stack-trace1029790510'><pre>java.lang.AssertionError: expected [4002] but found [200]
	at org.testng.Assert.fail(Assert.java:96)
	at org.testng.Assert.failNotEquals(Assert.java:776)
	at org.testng.Assert.assertEqualsImpl(Assert.java:137)
	at org.testng.Assert.assertEquals(Assert.java:118)
	at org.testng.Assert.assertEquals(Assert.java:453)
	at org.testng.Assert.assertEquals(Assert.java:463)
	at my.company.TestLogin.f(TestLogin.java:27)
	at sun.reflect.GeneratedMethodAccessor5.invoke(Unknown Source)
	at sun.reflect.DelegatingMethodAccessorImpl.invoke(DelegatingMethodAccessorImpl.java:43)
	at java.lang.reflect.Method.invoke(Method.java:483)
	at org.testng.internal.MethodInvocationHelper.invokeMethod(MethodInvocationHelper.java:124)
	at org.testng.internal.Invoker.invokeMethod(Invoker.java:583)
	at org.testng.internal.Invoker.invokeTestMethod(Invoker.java:719)
	at org.testng.internal.Invoker.invokeTestMethods(Invoker.java:989)
	at org.testng.internal.TestMethodWorker.invokeTestMethods(TestMethodWorker.java:125)
	at org.testng.internal.TestMethodWorker.run(TestMethodWorker.java:109)
	at org.testng.TestRunner.privateRun(TestRunner.java:648)
	at org.testng.TestRunner.run(TestRunner.java:505)
	at org.testng.SuiteRunner.runTest(SuiteRunner.java:455)
	at org.testng.SuiteRunner.runSequentially(SuiteRunner.java:450)
	at org.testng.SuiteRunner.privateRun(SuiteRunner.java:415)
	at org.testng.SuiteRunner.run(SuiteRunner.java:364)
	at org.testng.SuiteRunnerWorker.runSuite(SuiteRunnerWorker.java:52)
	at org.testng.SuiteRunnerWorker.run(SuiteRunnerWorker.java:84)
	at org.testng.TestNG.runSuitesSequentially(TestNG.java:1208)
	at org.testng.TestNG.runSuitesLocally(TestNG.java:1137)
	at org.testng.TestNG.runSuites(TestNG.java:1049)
	at org.testng.TestNG.run(TestNG.java:1017)
	at org.testng.remote.AbstractRemoteTestNG.run(AbstractRemoteTestNG.java:115)
	at org.testng.remote.RemoteTestNG.initAndRun(RemoteTestNG.java:251)
	at org.testng.remote.RemoteTestNG.main(RemoteTestNG.java:77)
</pre></div></td>
<td>0</td>
<td>my.company.TestLogin@4e76dac</td></tr>
<tr>
<td title='my.company.TestLogin.f()'><b>f</b><br>Test class: my.company.TestLogin<br>Parameters: , , 用户名小写字母变大写, PostRequest, http://47.100.184.129:8888/Login/LoginPage, username=ADMIN&password=admin, , assertEqual, $.status, 4002, , , 47</td>
<td><div><pre>java.lang.AssertionError: expected [4002] but found [200]
	at org.testng.Assert.fail(Assert.java:96)
	at org.testng.Assert.failNotEquals(Assert.java:776)
	at org.testng.Assert.assertEqualsImpl(Assert.java:137)
	at org.testng.Assert.assertEquals(Assert.java:118)
	at org.testng.Assert.assertEquals(Assert.java:453)
	at org.testng.Assert.assertEquals(Assert.java:463)
	at my.company.TestLogin.f(TestLogin.java:27)
	at sun.reflect.GeneratedMethodAccessor5.invoke(Unknown Source)
	at sun.reflect.DelegatingMethodAccessorImpl.invoke(DelegatingMethodAccessorImpl.java:43)
	at java.lang.reflect.Method.invoke(Method.java:483)
	at org.testng.internal.MethodInvocationHelper.invokeMethod(MethodInvocationHelper.java:124)
	at org.testng.internal.Invoker.invokeMethod(Invoker.java:583)
	at org.testng.internal.Invoker.invokeTestMethod(Invoker.java:719)
	at org.testng.internal.Invoker.invokeTestMethods(Invoker.java:989)
	at org.testng.internal.TestMethodWorker.invokeTestMethods(TestMethodWorker.java:125)
	at org.testng.internal.TestMethodWorker.run(TestMethodWorker.java:109)
	at org.testng.TestRunner.privateRun(TestRunner.java:648)
	at org.testng.TestRunner.run(TestRunner.java:505)
	at org.testng.SuiteRunner.runTest(SuiteRunner.java:455)
	at org.testng.SuiteRunner.runSequentially(SuiteRunner.java:450)
	at org.testng.SuiteRunner.privateRun(SuiteRunner.java:415)
	at org.testng.SuiteRunner.run(SuiteRunner.java:364)
	at org.testng.SuiteRunnerWorker.runSuite(SuiteRunnerWorker.java:52)
	at org.testng.SuiteRunnerWorker.run(SuiteRunnerWorker.java:84)
	at org.testng.TestNG.runSuitesSequentially(TestNG.java:1208)
	at org.testng.TestNG.runSuitesLocally(TestNG.java:1137)
	at org.testng.TestNG.runSuites(TestNG.java:1049)
	at org.testng.TestNG.run(TestNG.java:1017)
	at org.testng.remote.AbstractRemoteTestNG.run(AbstractRemoteTestNG.java:115)
	at org.testng.remote.RemoteTestNG.initAndRun(RemoteTestNG.java:251)
	at org.testng.remote.RemoteTestNG.main(RemoteTestNG.java:77)
</pre></div><a href='#' onClick='toggleBox("stack-trace1593749783", this, "Click to show all stack frames", "Click to hide stack frames")'>Click to show all stack frames</a>
<div class='stack-trace' id='stack-trace1593749783'><pre>java.lang.AssertionError: expected [4002] but found [200]
	at org.testng.Assert.fail(Assert.java:96)
	at org.testng.Assert.failNotEquals(Assert.java:776)
	at org.testng.Assert.assertEqualsImpl(Assert.java:137)
	at org.testng.Assert.assertEquals(Assert.java:118)
	at org.testng.Assert.assertEquals(Assert.java:453)
	at org.testng.Assert.assertEquals(Assert.java:463)
	at my.company.TestLogin.f(TestLogin.java:27)
	at sun.reflect.GeneratedMethodAccessor5.invoke(Unknown Source)
	at sun.reflect.DelegatingMethodAccessorImpl.invoke(DelegatingMethodAccessorImpl.java:43)
	at java.lang.reflect.Method.invoke(Method.java:483)
	at org.testng.internal.MethodInvocationHelper.invokeMethod(MethodInvocationHelper.java:124)
	at org.testng.internal.Invoker.invokeMethod(Invoker.java:583)
	at org.testng.internal.Invoker.invokeTestMethod(Invoker.java:719)
	at org.testng.internal.Invoker.invokeTestMethods(Invoker.java:989)
	at org.testng.internal.TestMethodWorker.invokeTestMethods(TestMethodWorker.java:125)
	at org.testng.internal.TestMethodWorker.run(TestMethodWorker.java:109)
	at org.testng.TestRunner.privateRun(TestRunner.java:648)
	at org.testng.TestRunner.run(TestRunner.java:505)
	at org.testng.SuiteRunner.runTest(SuiteRunner.java:455)
	at org.testng.SuiteRunner.runSequentially(SuiteRunner.java:450)
	at org.testng.SuiteRunner.privateRun(SuiteRunner.java:415)
	at org.testng.SuiteRunner.run(SuiteRunner.java:364)
	at org.testng.SuiteRunnerWorker.runSuite(SuiteRunnerWorker.java:52)
	at org.testng.SuiteRunnerWorker.run(SuiteRunnerWorker.java:84)
	at org.testng.TestNG.runSuitesSequentially(TestNG.java:1208)
	at org.testng.TestNG.runSuitesLocally(TestNG.java:1137)
	at org.testng.TestNG.runSuites(TestNG.java:1049)
	at org.testng.TestNG.run(TestNG.java:1017)
	at org.testng.remote.AbstractRemoteTestNG.run(AbstractRemoteTestNG.java:115)
	at org.testng.remote.RemoteTestNG.initAndRun(RemoteTestNG.java:251)
	at org.testng.remote.RemoteTestNG.main(RemoteTestNG.java:77)
</pre></div></td>
<td>0</td>
<td>my.company.TestLogin@4e76dac</td></tr>
<tr>
<td title='my.company.TestLogin.f()'><b>f</b><br>Test class: my.company.TestLogin<br>Parameters: , , 密码大写字母变小写, PostRequest, http://47.100.184.129:8888/Login/LoginPage, username=MASTER&password=master, , assertEqual, $.status, 4002, , , 48</td>
<td><div><pre>java.lang.AssertionError: expected [4002] but found [200]
	at org.testng.Assert.fail(Assert.java:96)
	at org.testng.Assert.failNotEquals(Assert.java:776)
	at org.testng.Assert.assertEqualsImpl(Assert.java:137)
	at org.testng.Assert.assertEquals(Assert.java:118)
	at org.testng.Assert.assertEquals(Assert.java:453)
	at org.testng.Assert.assertEquals(Assert.java:463)
	at my.company.TestLogin.f(TestLogin.java:27)
	at sun.reflect.GeneratedMethodAccessor5.invoke(Unknown Source)
	at sun.reflect.DelegatingMethodAccessorImpl.invoke(DelegatingMethodAccessorImpl.java:43)
	at java.lang.reflect.Method.invoke(Method.java:483)
	at org.testng.internal.MethodInvocationHelper.invokeMethod(MethodInvocationHelper.java:124)
	at org.testng.internal.Invoker.invokeMethod(Invoker.java:583)
	at org.testng.internal.Invoker.invokeTestMethod(Invoker.java:719)
	at org.testng.internal.Invoker.invokeTestMethods(Invoker.java:989)
	at org.testng.internal.TestMethodWorker.invokeTestMethods(TestMethodWorker.java:125)
	at org.testng.internal.TestMethodWorker.run(TestMethodWorker.java:109)
	at org.testng.TestRunner.privateRun(TestRunner.java:648)
	at org.testng.TestRunner.run(TestRunner.java:505)
	at org.testng.SuiteRunner.runTest(SuiteRunner.java:455)
	at org.testng.SuiteRunner.runSequentially(SuiteRunner.java:450)
	at org.testng.SuiteRunner.privateRun(SuiteRunner.java:415)
	at org.testng.SuiteRunner.run(SuiteRunner.java:364)
	at org.testng.SuiteRunnerWorker.runSuite(SuiteRunnerWorker.java:52)
	at org.testng.SuiteRunnerWorker.run(SuiteRunnerWorker.java:84)
	at org.testng.TestNG.runSuitesSequentially(TestNG.java:1208)
	at org.testng.TestNG.runSuitesLocally(TestNG.java:1137)
	at org.testng.TestNG.runSuites(TestNG.java:1049)
	at org.testng.TestNG.run(TestNG.java:1017)
	at org.testng.remote.AbstractRemoteTestNG.run(AbstractRemoteTestNG.java:115)
	at org.testng.remote.RemoteTestNG.initAndRun(RemoteTestNG.java:251)
	at org.testng.remote.RemoteTestNG.main(RemoteTestNG.java:77)
</pre></div><a href='#' onClick='toggleBox("stack-trace254513404", this, "Click to show all stack frames", "Click to hide stack frames")'>Click to show all stack frames</a>
<div class='stack-trace' id='stack-trace254513404'><pre>java.lang.AssertionError: expected [4002] but found [200]
	at org.testng.Assert.fail(Assert.java:96)
	at org.testng.Assert.failNotEquals(Assert.java:776)
	at org.testng.Assert.assertEqualsImpl(Assert.java:137)
	at org.testng.Assert.assertEquals(Assert.java:118)
	at org.testng.Assert.assertEquals(Assert.java:453)
	at org.testng.Assert.assertEquals(Assert.java:463)
	at my.company.TestLogin.f(TestLogin.java:27)
	at sun.reflect.GeneratedMethodAccessor5.invoke(Unknown Source)
	at sun.reflect.DelegatingMethodAccessorImpl.invoke(DelegatingMethodAccessorImpl.java:43)
	at java.lang.reflect.Method.invoke(Method.java:483)
	at org.testng.internal.MethodInvocationHelper.invokeMethod(MethodInvocationHelper.java:124)
	at org.testng.internal.Invoker.invokeMethod(Invoker.java:583)
	at org.testng.internal.Invoker.invokeTestMethod(Invoker.java:719)
	at org.testng.internal.Invoker.invokeTestMethods(Invoker.java:989)
	at org.testng.internal.TestMethodWorker.invokeTestMethods(TestMethodWorker.java:125)
	at org.testng.internal.TestMethodWorker.run(TestMethodWorker.java:109)
	at org.testng.TestRunner.privateRun(TestRunner.java:648)
	at org.testng.TestRunner.run(TestRunner.java:505)
	at org.testng.SuiteRunner.runTest(SuiteRunner.java:455)
	at org.testng.SuiteRunner.runSequentially(SuiteRunner.java:450)
	at org.testng.SuiteRunner.privateRun(SuiteRunner.java:415)
	at org.testng.SuiteRunner.run(SuiteRunner.java:364)
	at org.testng.SuiteRunnerWorker.runSuite(SuiteRunnerWorker.java:52)
	at org.testng.SuiteRunnerWorker.run(SuiteRunnerWorker.java:84)
	at org.testng.TestNG.runSuitesSequentially(TestNG.java:1208)
	at org.testng.TestNG.runSuitesLocally(TestNG.java:1137)
	at org.testng.TestNG.runSuites(TestNG.java:1049)
	at org.testng.TestNG.run(TestNG.java:1017)
	at org.testng.remote.AbstractRemoteTestNG.run(AbstractRemoteTestNG.java:115)
	at org.testng.remote.RemoteTestNG.initAndRun(RemoteTestNG.java:251)
	at org.testng.remote.RemoteTestNG.main(RemoteTestNG.java:77)
</pre></div></td>
<td>0</td>
<td>my.company.TestLogin@4e76dac</td></tr>
<tr>
<td title='my.company.TestLogin.f()'><b>f</b><br>Test class: my.company.TestLogin<br>Parameters: , , 密码小写字母变大写, PostRequest, http://47.100.184.129:8888/Login/LoginPage, username=admin&password=ADMIN, , assertEqual, $.status, 4002, , , 49</td>
<td><div><pre>java.lang.AssertionError: expected [4002] but found [200]
	at org.testng.Assert.fail(Assert.java:96)
	at org.testng.Assert.failNotEquals(Assert.java:776)
	at org.testng.Assert.assertEqualsImpl(Assert.java:137)
	at org.testng.Assert.assertEquals(Assert.java:118)
	at org.testng.Assert.assertEquals(Assert.java:453)
	at org.testng.Assert.assertEquals(Assert.java:463)
	at my.company.TestLogin.f(TestLogin.java:27)
	at sun.reflect.GeneratedMethodAccessor5.invoke(Unknown Source)
	at sun.reflect.DelegatingMethodAccessorImpl.invoke(DelegatingMethodAccessorImpl.java:43)
	at java.lang.reflect.Method.invoke(Method.java:483)
	at org.testng.internal.MethodInvocationHelper.invokeMethod(MethodInvocationHelper.java:124)
	at org.testng.internal.Invoker.invokeMethod(Invoker.java:583)
	at org.testng.internal.Invoker.invokeTestMethod(Invoker.java:719)
	at org.testng.internal.Invoker.invokeTestMethods(Invoker.java:989)
	at org.testng.internal.TestMethodWorker.invokeTestMethods(TestMethodWorker.java:125)
	at org.testng.internal.TestMethodWorker.run(TestMethodWorker.java:109)
	at org.testng.TestRunner.privateRun(TestRunner.java:648)
	at org.testng.TestRunner.run(TestRunner.java:505)
	at org.testng.SuiteRunner.runTest(SuiteRunner.java:455)
	at org.testng.SuiteRunner.runSequentially(SuiteRunner.java:450)
	at org.testng.SuiteRunner.privateRun(SuiteRunner.java:415)
	at org.testng.SuiteRunner.run(SuiteRunner.java:364)
	at org.testng.SuiteRunnerWorker.runSuite(SuiteRunnerWorker.java:52)
	at org.testng.SuiteRunnerWorker.run(SuiteRunnerWorker.java:84)
	at org.testng.TestNG.runSuitesSequentially(TestNG.java:1208)
	at org.testng.TestNG.runSuitesLocally(TestNG.java:1137)
	at org.testng.TestNG.runSuites(TestNG.java:1049)
	at org.testng.TestNG.run(TestNG.java:1017)
	at org.testng.remote.AbstractRemoteTestNG.run(AbstractRemoteTestNG.java:115)
	at org.testng.remote.RemoteTestNG.initAndRun(RemoteTestNG.java:251)
	at org.testng.remote.RemoteTestNG.main(RemoteTestNG.java:77)
</pre></div><a href='#' onClick='toggleBox("stack-trace263103706", this, "Click to show all stack frames", "Click to hide stack frames")'>Click to show all stack frames</a>
<div class='stack-trace' id='stack-trace263103706'><pre>java.lang.AssertionError: expected [4002] but found [200]
	at org.testng.Assert.fail(Assert.java:96)
	at org.testng.Assert.failNotEquals(Assert.java:776)
	at org.testng.Assert.assertEqualsImpl(Assert.java:137)
	at org.testng.Assert.assertEquals(Assert.java:118)
	at org.testng.Assert.assertEquals(Assert.java:453)
	at org.testng.Assert.assertEquals(Assert.java:463)
	at my.company.TestLogin.f(TestLogin.java:27)
	at sun.reflect.GeneratedMethodAccessor5.invoke(Unknown Source)
	at sun.reflect.DelegatingMethodAccessorImpl.invoke(DelegatingMethodAccessorImpl.java:43)
	at java.lang.reflect.Method.invoke(Method.java:483)
	at org.testng.internal.MethodInvocationHelper.invokeMethod(MethodInvocationHelper.java:124)
	at org.testng.internal.Invoker.invokeMethod(Invoker.java:583)
	at org.testng.internal.Invoker.invokeTestMethod(Invoker.java:719)
	at org.testng.internal.Invoker.invokeTestMethods(Invoker.java:989)
	at org.testng.internal.TestMethodWorker.invokeTestMethods(TestMethodWorker.java:125)
	at org.testng.internal.TestMethodWorker.run(TestMethodWorker.java:109)
	at org.testng.TestRunner.privateRun(TestRunner.java:648)
	at org.testng.TestRunner.run(TestRunner.java:505)
	at org.testng.SuiteRunner.runTest(SuiteRunner.java:455)
	at org.testng.SuiteRunner.runSequentially(SuiteRunner.java:450)
	at org.testng.SuiteRunner.privateRun(SuiteRunner.java:415)
	at org.testng.SuiteRunner.run(SuiteRunner.java:364)
	at org.testng.SuiteRunnerWorker.runSuite(SuiteRunnerWorker.java:52)
	at org.testng.SuiteRunnerWorker.run(SuiteRunnerWorker.java:84)
	at org.testng.TestNG.runSuitesSequentially(TestNG.java:1208)
	at org.testng.TestNG.runSuitesLocally(TestNG.java:1137)
	at org.testng.TestNG.runSuites(TestNG.java:1049)
	at org.testng.TestNG.run(TestNG.java:1017)
	at org.testng.remote.AbstractRemoteTestNG.run(AbstractRemoteTestNG.java:115)
	at org.testng.remote.RemoteTestNG.initAndRun(RemoteTestNG.java:251)
	at org.testng.remote.RemoteTestNG.main(RemoteTestNG.java:77)
</pre></div></td>
<td>0</td>
<td>my.company.TestLogin@4e76dac</td></tr>
</table><p>
<table width='100%' border='1' class='invocation-passed'>
<tr><td colspan='4' align='center'><b>PASSED TESTS</b></td></tr>
<tr><td><b>Test method</b></td>
<td width="30%"><b>Exception</b></td>
<td width="10%"><b>Time (seconds)</b></td>
<td><b>Instance</b></td>
</tr>
<tr>
<td title='my.company.TestLogin.f()'><b>f</b><br>Test class: my.company.TestLogin<br>Parameters: , , 用户名长度为2, PostRequest, http://47.100.184.129:8888/Login/LoginPage, username=te&password=123456, , assertEqual, $.status, 4001, , , 1</td>
<td></td>
<td>0</td>
<td>my.company.TestLogin@4e76dac</td></tr>
<tr>
<td title='my.company.TestLogin.f()'><b>f</b><br>Test class: my.company.TestLogin<br>Parameters: , , 用户名长度为3, PostRequest, http://47.100.184.129:8888/Login/LoginPage, username=tes&password=123456, , assertEqual, $.status, 4002, , , 2</td>
<td></td>
<td>0</td>
<td>my.company.TestLogin@4e76dac</td></tr>
<tr>
<td title='my.company.TestLogin.f()'><b>f</b><br>Test class: my.company.TestLogin<br>Parameters: , , 用户名长度为4, PostRequest, http://47.100.184.129:8888/Login/LoginPage, username=test&password=123456, , assertEqual, $.status, 4002, , , 3</td>
<td></td>
<td>0</td>
<td>my.company.TestLogin@4e76dac</td></tr>
<tr>
<td title='my.company.TestLogin.f()'><b>f</b><br>Test class: my.company.TestLogin<br>Parameters: , , 用户名长度为15, PostRequest, http://47.100.184.129:8888/Login/LoginPage, username=123456789012345&password=123456, , assertEqual, $.status, 4002, , , 4</td>
<td></td>
<td>0</td>
<td>my.company.TestLogin@4e76dac</td></tr>
<tr>
<td title='my.company.TestLogin.f()'><b>f</b><br>Test class: my.company.TestLogin<br>Parameters: , , 用户名长度为16, PostRequest, http://47.100.184.129:8888/Login/LoginPage, username=1234567890123456&password=123456, , assertEqual, $.status, 4002, , , 5</td>
<td></td>
<td>0</td>
<td>my.company.TestLogin@4e76dac</td></tr>
<tr>
<td title='my.company.TestLogin.f()'><b>f</b><br>Test class: my.company.TestLogin<br>Parameters: , , 用户名长度为17, PostRequest, http://47.100.184.129:8888/Login/LoginPage, username=12345678901234567&password=123456, , assertEqual, $.status, 4001, , , 6</td>
<td></td>
<td>0</td>
<td>my.company.TestLogin@4e76dac</td></tr>
<tr>
<td title='my.company.TestLogin.f()'><b>f</b><br>Test class: my.company.TestLogin<br>Parameters: , , 密码长度为2, PostRequest, http://47.100.184.129:8888/Login/LoginPage, username=test1&password=12, , assertEqual, $.status, 4001, , , 7</td>
<td></td>
<td>0</td>
<td>my.company.TestLogin@4e76dac</td></tr>
<tr>
<td title='my.company.TestLogin.f()'><b>f</b><br>Test class: my.company.TestLogin<br>Parameters: , , 密码长度为3, PostRequest, http://47.100.184.129:8888/Login/LoginPage, username=test1&password=123, , assertEqual, $.status, 4002, , , 8</td>
<td></td>
<td>0</td>
<td>my.company.TestLogin@4e76dac</td></tr>
<tr>
<td title='my.company.TestLogin.f()'><b>f</b><br>Test class: my.company.TestLogin<br>Parameters: , , 密码长度为4, PostRequest, http://47.100.184.129:8888/Login/LoginPage, username=test1&password=1234, , assertEqual, $.status, 4002, , , 9</td>
<td></td>
<td>0</td>
<td>my.company.TestLogin@4e76dac</td></tr>
<tr>
<td title='my.company.TestLogin.f()'><b>f</b><br>Test class: my.company.TestLogin<br>Parameters: , , 密码长度为15, PostRequest, http://47.100.184.129:8888/Login/LoginPage, username=test1&password=123456789012345, , assertEqual, $.status, 4002, , , 10</td>
<td></td>
<td>0</td>
<td>my.company.TestLogin@4e76dac</td></tr>
<tr>
<td title='my.company.TestLogin.f()'><b>f</b><br>Test class: my.company.TestLogin<br>Parameters: , , 密码长度为16, PostRequest, http://47.100.184.129:8888/Login/LoginPage, username=test1&password=1234567890123456, , assertEqual, $.status, 4002, , , 11</td>
<td></td>
<td>0</td>
<td>my.company.TestLogin@4e76dac</td></tr>
<tr>
<td title='my.company.TestLogin.f()'><b>f</b><br>Test class: my.company.TestLogin<br>Parameters: , , 密码长度为17, PostRequest, http://47.100.184.129:8888/Login/LoginPage, username=test1&password=12345678901234567, , assertEqual, $.status, 4001, , , 12</td>
<td></td>
<td>0</td>
<td>my.company.TestLogin@4e76dac</td></tr>
<tr>
<td title='my.company.TestLogin.f()'><b>f</b><br>Test class: my.company.TestLogin<br>Parameters: , , 用户名存在中文, PostRequest, http://47.100.184.129:8888/Login/LoginPage, username=test用户名&password=123456, , assertEqual, $.status, 4003, , , 13</td>
<td></td>
<td>0</td>
<td>my.company.TestLogin@4e76dac</td></tr>
<tr>
<td title='my.company.TestLogin.f()'><b>f</b><br>Test class: my.company.TestLogin<br>Parameters: , , 用户名存在emoji：★, PostRequest, http://47.100.184.129:8888/Login/LoginPage, username=test1★&password=123456, , assertEqual, $.status, 4003, , , 15</td>
<td></td>
<td>0</td>
<td>my.company.TestLogin@4e76dac</td></tr>
<tr>
<td title='my.company.TestLogin.f()'><b>f</b><br>Test class: my.company.TestLogin<br>Parameters: , , 用户名为纯数字, PostRequest, http://47.100.184.129:8888/Login/LoginPage, username=123456&password=123456, , assertEqual, $.status, 4002, , , 16</td>
<td></td>
<td>0</td>
<td>my.company.TestLogin@4e76dac</td></tr>
<tr>
<td title='my.company.TestLogin.f()'><b>f</b><br>Test class: my.company.TestLogin<br>Parameters: , , 用户名为纯小写字母, PostRequest, http://47.100.184.129:8888/Login/LoginPage, username=abcdef&password=123456, , assertEqual, $.status, 4002, , , 17</td>
<td></td>
<td>0</td>
<td>my.company.TestLogin@4e76dac</td></tr>
<tr>
<td title='my.company.TestLogin.f()'><b>f</b><br>Test class: my.company.TestLogin<br>Parameters: , , 用户名为纯大写字母, PostRequest, http://47.100.184.129:8888/Login/LoginPage, username=ABCDEF&password=123456, , assertEqual, $.status, 4002, , , 18</td>
<td></td>
<td>0</td>
<td>my.company.TestLogin@4e76dac</td></tr>
<tr>
<td title='my.company.TestLogin.f()'><b>f</b><br>Test class: my.company.TestLogin<br>Parameters: , , 用户名为纯符号_, PostRequest, http://47.100.184.129:8888/Login/LoginPage, username=______&password=123456, , assertEqual, $.status, 4002, , , 19</td>
<td></td>
<td>0</td>
<td>my.company.TestLogin@4e76dac</td></tr>
<tr>
<td title='my.company.TestLogin.f()'><b>f</b><br>Test class: my.company.TestLogin<br>Parameters: , , 用户名为纯符号-, PostRequest, http://47.100.184.129:8888/Login/LoginPage, username=------&password=123456, , assertEqual, $.status, 4002, , , 20</td>
<td></td>
<td>0</td>
<td>my.company.TestLogin@4e76dac</td></tr>
<tr>
<td title='my.company.TestLogin.f()'><b>f</b><br>Test class: my.company.TestLogin<br>Parameters: , , 用户名为字母数字和符号_-组成的字符串, PostRequest, http://47.100.184.129:8888/Login/LoginPage, username=abCD56_-&password=123456, , assertEqual, $.status, 4002, , , 21</td>
<td></td>
<td>0</td>
<td>my.company.TestLogin@4e76dac</td></tr>
<tr>
<td title='my.company.TestLogin.f()'><b>f</b><br>Test class: my.company.TestLogin<br>Parameters: , , 密码存在中文, PostRequest, http://47.100.184.129:8888/Login/LoginPage, username=test1&password=123456密码, , assertEqual, $.status, 4003, , , 22</td>
<td></td>
<td>0</td>
<td>my.company.TestLogin@4e76dac</td></tr>
<tr>
<td title='my.company.TestLogin.f()'><b>f</b><br>Test class: my.company.TestLogin<br>Parameters: , , 密码存在emoji：★, PostRequest, http://47.100.184.129:8888/Login/LoginPage, username=test1&password=123456★, , assertEqual, $.status, 4003, , , 24</td>
<td></td>
<td>0</td>
<td>my.company.TestLogin@4e76dac</td></tr>
<tr>
<td title='my.company.TestLogin.f()'><b>f</b><br>Test class: my.company.TestLogin<br>Parameters: , , 密码为纯小写字母, PostRequest, http://47.100.184.129:8888/Login/LoginPage, username=test1&password=abcdef, , assertEqual, $.status, 4002, , , 26</td>
<td></td>
<td>0</td>
<td>my.company.TestLogin@4e76dac</td></tr>
<tr>
<td title='my.company.TestLogin.f()'><b>f</b><br>Test class: my.company.TestLogin<br>Parameters: , , 密码为纯大写字母, PostRequest, http://47.100.184.129:8888/Login/LoginPage, username=test1&password=ABCDEF, , assertEqual, $.status, 4002, , , 27</td>
<td></td>
<td>0</td>
<td>my.company.TestLogin@4e76dac</td></tr>
<tr>
<td title='my.company.TestLogin.f()'><b>f</b><br>Test class: my.company.TestLogin<br>Parameters: , , 密码为纯符号_, PostRequest, http://47.100.184.129:8888/Login/LoginPage, username=test1&password=______, , assertEqual, $.status, 4002, , , 28</td>
<td></td>
<td>0</td>
<td>my.company.TestLogin@4e76dac</td></tr>
<tr>
<td title='my.company.TestLogin.f()'><b>f</b><br>Test class: my.company.TestLogin<br>Parameters: , , 密码为纯符号-, PostRequest, http://47.100.184.129:8888/Login/LoginPage, username=test1&password=------, , assertEqual, $.status, 4002, , , 29</td>
<td></td>
<td>0</td>
<td>my.company.TestLogin@4e76dac</td></tr>
<tr>
<td title='my.company.TestLogin.f()'><b>f</b><br>Test class: my.company.TestLogin<br>Parameters: , , 密码为字母数字和符号_-组成的字符串, PostRequest, http://47.100.184.129:8888/Login/LoginPage, username=test1&password=abCD56_-, , assertEqual, $.status, 4002, , , 30</td>
<td></td>
<td>0</td>
<td>my.company.TestLogin@4e76dac</td></tr>
<tr>
<td title='my.company.TestLogin.f()'><b>f</b><br>Test class: my.company.TestLogin<br>Parameters: , , 多添加一个字段key=value, PostRequest, http://47.100.184.129:8888/Login/LoginPage, username=test2&password=123456&key=value, , assertEqual, $.status, 200, , , 31</td>
<td></td>
<td>0</td>
<td>my.company.TestLogin@4e76dac</td></tr>
<tr>
<td title='my.company.TestLogin.f()'><b>f</b><br>Test class: my.company.TestLogin<br>Parameters: , , 用户名为空, PostRequest, http://47.100.184.129:8888/Login/LoginPage, username=&password=123456, , assertEqual, $.status, 4000, , , 32</td>
<td></td>
<td>0</td>
<td>my.company.TestLogin@4e76dac</td></tr>
<tr>
<td title='my.company.TestLogin.f()'><b>f</b><br>Test class: my.company.TestLogin<br>Parameters: , , 用户名为字符串null, PostRequest, http://47.100.184.129:8888/Login/LoginPage, username=null&password=123456, , assertEqual, $.status, 4002, , , 33</td>
<td></td>
<td>0</td>
<td>my.company.TestLogin@4e76dac</td></tr>
<tr>
<td title='my.company.TestLogin.f()'><b>f</b><br>Test class: my.company.TestLogin<br>Parameters: , , 用户名为空格, PostRequest, http://47.100.184.129:8888/Login/LoginPage, username=+&password=123456, , assertEqual, $.status, 4000, , , 34</td>
<td></td>
<td>0</td>
<td>my.company.TestLogin@4e76dac</td></tr>
<tr>
<td title='my.company.TestLogin.f()'><b>f</b><br>Test class: my.company.TestLogin<br>Parameters: , , 用户名前有空格, PostRequest, http://47.100.184.129:8888/Login/LoginPage, username=+test1&password=123456, , assertEqual, $.status, 4003, , , 35</td>
<td></td>
<td>0</td>
<td>my.company.TestLogin@4e76dac</td></tr>
<tr>
<td title='my.company.TestLogin.f()'><b>f</b><br>Test class: my.company.TestLogin<br>Parameters: , , 用户名中有空格, PostRequest, http://47.100.184.129:8888/Login/LoginPage, username=te+st1&password=123456, , assertEqual, $.status, 4003, , , 36</td>
<td></td>
<td>0</td>
<td>my.company.TestLogin@4e76dac</td></tr>
<tr>
<td title='my.company.TestLogin.f()'><b>f</b><br>Test class: my.company.TestLogin<br>Parameters: , , 用户名后有空格, PostRequest, http://47.100.184.129:8888/Login/LoginPage, username=test1+&password=123456, , assertEqual, $.status, 4003, , , 37</td>
<td></td>
<td>0</td>
<td>my.company.TestLogin@4e76dac</td></tr>
<tr>
<td title='my.company.TestLogin.f()'><b>f</b><br>Test class: my.company.TestLogin<br>Parameters: , , 密码为空, PostRequest, http://47.100.184.129:8888/Login/LoginPage, username=test1&password=, , assertEqual, $.status, 4000, , , 38</td>
<td></td>
<td>0</td>
<td>my.company.TestLogin@4e76dac</td></tr>
<tr>
<td title='my.company.TestLogin.f()'><b>f</b><br>Test class: my.company.TestLogin<br>Parameters: , , 密码为字符串null, PostRequest, http://47.100.184.129:8888/Login/LoginPage, username=test1&password=null, , assertEqual, $.status, 4002, , , 39</td>
<td></td>
<td>0</td>
<td>my.company.TestLogin@4e76dac</td></tr>
<tr>
<td title='my.company.TestLogin.f()'><b>f</b><br>Test class: my.company.TestLogin<br>Parameters: , , 密码前有空格, PostRequest, http://47.100.184.129:8888/Login/LoginPage, username=test1&password=+123456, , assertEqual, $.status, 4003, , , 41</td>
<td></td>
<td>0</td>
<td>my.company.TestLogin@4e76dac</td></tr>
<tr>
<td title='my.company.TestLogin.f()'><b>f</b><br>Test class: my.company.TestLogin<br>Parameters: , , 密码中有空格, PostRequest, http://47.100.184.129:8888/Login/LoginPage, username=test1&password=123+456, , assertEqual, $.status, 4003, , , 42</td>
<td></td>
<td>0</td>
<td>my.company.TestLogin@4e76dac</td></tr>
<tr>
<td title='my.company.TestLogin.f()'><b>f</b><br>Test class: my.company.TestLogin<br>Parameters: , , 密码后有空格, PostRequest, http://47.100.184.129:8888/Login/LoginPage, username=test1&password=123456+, , assertEqual, $.status, 4003, , , 43</td>
<td></td>
<td>0</td>
<td>my.company.TestLogin@4e76dac</td></tr>
<tr>
<td title='my.company.TestLogin.f()'><b>f</b><br>Test class: my.company.TestLogin<br>Parameters: , , 用户名和密码不匹配, PostRequest, http://47.100.184.129:8888/Login/LoginPage, username=admin&password=123456, , assertEqual, $.status, 4002, , , 44</td>
<td></td>
<td>0</td>
<td>my.company.TestLogin@4e76dac</td></tr>
<tr>
<td title='my.company.TestLogin.f()'><b>f</b><br>Test class: my.company.TestLogin<br>Parameters: , , 用户名和密码填反, PostRequest, http://47.100.184.129:8888/Login/LoginPage, username=123456&password=test1, , assertEqual, $.status, 4002, , , 45</td>
<td></td>
<td>0</td>
<td>my.company.TestLogin@4e76dac</td></tr>
<tr>
<td title='my.company.TestLogin.f()'><b>f</b><br>Test class: my.company.TestLogin<br>Parameters: , , 用户名为超长字符串, PostRequest, http://47.100.184.129:8888/Login/LoginPage, username=test123456789012345678901234567890123456789012345678901234567890123456789012345678901234567890&password=123456, , assertEqual, $.status, 4001, , , 50</td>
<td></td>
<td>0</td>
<td>my.company.TestLogin@4e76dac</td></tr>
<tr>
<td title='my.company.TestLogin.f()'><b>f</b><br>Test class: my.company.TestLogin<br>Parameters: , , 密码为超长字符串, PostRequest, http://47.100.184.129:8888/Login/LoginPage, username=test1&password=123456789012345678901234567890123456789012345678901234567890123456789012345678901234567890, , assertEqual, $.status, 4001, , , 51</td>
<td></td>
<td>0</td>
<td>my.company.TestLogin@4e76dac</td></tr>
<tr>
<td title='my.company.TestLogin.f()'><b>f</b><br>Test class: my.company.TestLogin<br>Parameters: , , 全角输入用户名, PostRequest, http://47.100.184.129:8888/Login/LoginPage, username=ｔｅｓｔ１&password=123456, , assertEqual, $.status, 4003, , , 52</td>
<td></td>
<td>0</td>
<td>my.company.TestLogin@4e76dac</td></tr>
<tr>
<td title='my.company.TestLogin.f()'><b>f</b><br>Test class: my.company.TestLogin<br>Parameters: , , 全角输入密码, PostRequest, http://47.100.184.129:8888/Login/LoginPage, username=test1&password=１２３４５６, , assertEqual, $.status, 4003, , , 53</td>
<td></td>
<td>0</td>
<td>my.company.TestLogin@4e76dac</td></tr>
<tr>
<td title='my.company.TestLogin.f()'><b>f</b><br>Test class: my.company.TestLogin<br>Parameters: , , 用户名SQl注入, PostRequest, http://47.100.184.129:8888/Login/LoginPage, username=test%27+or+1%3D1+%23&password=123456, , assertEqual, $.status, 4003, , , 54</td>
<td></td>
<td>0</td>
<td>my.company.TestLogin@4e76dac</td></tr>
<tr>
<td title='my.company.TestLogin.f()'><b>f</b><br>Test class: my.company.TestLogin<br>Parameters: , , 密码SQL注入, PostRequest, http://47.100.184.129:8888/Login/LoginPage, username=test1&password=test'+or+1%3D1+%23, , assertEqual, $.status, 4003, , , 55</td>
<td></td>
<td>0</td>
<td>my.company.TestLogin@4e76dac</td></tr>
<tr>
<td title='my.company.TestLogin.f()'><b>f</b><br>Test class: my.company.TestLogin<br>Parameters: , , 用户名和密码正确, PostRequest, http://47.100.184.129:8888/Login/LoginPage, username=test1&password=123456, , assertEqual, $.status, 200, , , 56</td>
<td></td>
<td>0</td>
<td>my.company.TestLogin@4e76dac</td></tr>
</table><p>
</body>
</html>