<?xml version="1.0" encoding="UTF-8"?>
<!-- Generated by org.testng.reporters.JUnitXMLReporter -->
<testsuite hostname="lqh" ignored="0" name="Test" tests="6" failures="2" timestamp="06 四月 2019 08:28:01 GMT" time="0.338" errors="0">
  <testcase name="f" time="0.083" classname="my.company.TestSum"/>
  <testcase name="f" time="0.004" classname="my.company.TestSum">
    <failure type="java.lang.AssertionError" message="expected [-2147483647] but found [-2147483648]">
      <![CDATA[java.lang.AssertionError: expected [-2147483647] but found [-2147483648]
at my.company.TestSum.f(TestSum.java:17)
... Removed 31 stack frames]]>
    </failure>
  </testcase> <!-- f -->
  <testcase name="f" time="0.009" classname="my.company.TestSum"/>
  <testcase name="f" time="0.018" classname="my.company.TestSum">
    <failure type="java.lang.AssertionError" message="expected [2147483647] but found [2147483646]">
      <![CDATA[java.lang.AssertionError: expected [2147483647] but found [2147483646]
at my.company.TestSum.f(TestSum.java:17)
... Removed 31 stack frames]]>
    </failure>
  </testcase> <!-- f -->
  <testcase name="f" time="0.009" classname="my.company.TestSum"/>
  <testcase name="f" time="0.005" classname="my.company.TestSum"/>
</testsuite> <!-- Test -->
